android/build/intermediates/manifest_merge_blame_file/release/processReleaseManifest/manifest-merger-blame-release-report.txt
1<?xml version="1.0" encoding="utf-8"?>
2<manifest xmlns:android="http://schemas.android.com/apk/res/android"
3    xmlns:tools="http://schemas.android.com/tools"
4    package="com.displaycontrol" >
5
6    <uses-sdk android:minSdkVersion="28" />
7
8    <uses-permission
8-->src/main/AndroidManifest.xml:4:5-7:47
9        android:name="android.permission.WRITE_SETTINGS"
9-->src/main/AndroidManifest.xml:5:9-57
10        tools:ignore="ProtectedPermissions" />
10-->src/main/AndroidManifest.xml:7:9-44
11
12</manifest>